Using pre-set license
Built from '2021.3/staging' branch; Version is '2021.3.14f1 (eee1884e7226) revision 15655304'; Using compiler version '192829333'; Build Type 'Release'
OS: 'Windows 10  (10.0.19044) 64bit Professional' Language: 'es' Physical Memory: 32559 MB
BatchMode: 1, IsHumanControllingUs: 0, StartBugReporterOnCrash: 0, Is64bit: 1, IsPro: 1

COMMAND LINE ARGUMENTS:
C:\Program Files\Unity\Hub\Editor\2021.3.14f1\Editor\Unity.exe
-adb2
-batchMode
-noUpm
-name
AssetImportWorker0
-projectPath
F:/PROJECTS/Metroidvania Station/Metroidvania Station
-logFile
Logs/AssetImportWorker0.log
-srvPort
49951
Successfully changed project path to: F:/PROJECTS/Metroidvania Station/Metroidvania Station
F:/PROJECTS/Metroidvania Station/Metroidvania Station
[UnityMemory] Configuration Parameters - Can be set up in boot.config
    "memorysetup-bucket-allocator-granularity=16"
    "memorysetup-bucket-allocator-bucket-count=8"
    "memorysetup-bucket-allocator-block-size=33554432"
    "memorysetup-bucket-allocator-block-count=8"
    "memorysetup-main-allocator-block-size=16777216"
    "memorysetup-thread-allocator-block-size=16777216"
    "memorysetup-gfx-main-allocator-block-size=16777216"
    "memorysetup-gfx-thread-allocator-block-size=16777216"
    "memorysetup-cache-allocator-block-size=4194304"
    "memorysetup-typetree-allocator-block-size=2097152"
    "memorysetup-profiler-bucket-allocator-granularity=16"
    "memorysetup-profiler-bucket-allocator-bucket-count=8"
    "memorysetup-profiler-bucket-allocator-block-size=33554432"
    "memorysetup-profiler-bucket-allocator-block-count=8"
    "memorysetup-profiler-allocator-block-size=16777216"
    "memorysetup-profiler-editor-allocator-block-size=1048576"
    "memorysetup-temp-allocator-size-main=16777216"
    "memorysetup-job-temp-allocator-block-size=2097152"
    "memorysetup-job-temp-allocator-block-size-background=1048576"
    "memorysetup-job-temp-allocator-reduction-small-platforms=262144"
    "memorysetup-temp-allocator-size-background-worker=32768"
    "memorysetup-temp-allocator-size-job-worker=262144"
    "memorysetup-temp-allocator-size-preload-manager=33554432"
    "memorysetup-temp-allocator-size-nav-mesh-worker=65536"
    "memorysetup-temp-allocator-size-audio-worker=65536"
    "memorysetup-temp-allocator-size-cloud-worker=32768"
    "memorysetup-temp-allocator-size-gi-baking-worker=262144"
    "memorysetup-temp-allocator-size-gfx=262144"
Refreshing native plugins compatible for Editor in 60.69 ms, found 4 plugins.
Preloading 0 native plugins for Editor in 0.00 ms.
Initialize engine version: 2021.3.14f1 (eee1884e7226)
[Subsystems] Discovering subsystems at path C:/Program Files/Unity/Hub/Editor/2021.3.14f1/Editor/Data/Resources/UnitySubsystems
[Subsystems] Discovering subsystems at path F:/PROJECTS/Metroidvania Station/Metroidvania Station/Assets
GfxDevice: creating device client; threaded=0; jobified=0
Direct3D:
    Version:  Direct3D 11.0 [level 11.1]
    Renderer: NVIDIA GeForce GTX 970 (ID=0x13c2)
    Vendor:   NVIDIA
    VRAM:     4043 MB
    Driver:   31.0.15.1694
Initialize mono
Mono path[0] = 'C:/Program Files/Unity/Hub/Editor/2021.3.14f1/Editor/Data/Managed'
Mono path[1] = 'C:/Program Files/Unity/Hub/Editor/2021.3.14f1/Editor/Data/MonoBleedingEdge/lib/mono/unityjit-win32'
Mono config path = 'C:/Program Files/Unity/Hub/Editor/2021.3.14f1/Editor/Data/MonoBleedingEdge/etc'
Using monoOptions --debugger-agent=transport=dt_socket,embedding=1,server=y,suspend=n,address=127.0.0.1:56596
Begin MonoManager ReloadAssembly
Registering precompiled unity dll's ...
Register platform support module: C:/Program Files/Unity/Hub/Editor/2021.3.14f1/Editor/Data/PlaybackEngines/AndroidPlayer/UnityEditor.Android.Extensions.dll
Register platform support module: C:/Program Files/Unity/Hub/Editor/2021.3.14f1/Editor/Data/PlaybackEngines/WindowsStandaloneSupport/UnityEditor.WindowsStandalone.Extensions.dll
Registered in 0.004563 seconds.
Native extension for WindowsStandalone target not found
Native extension for Android target not found
Refreshing native plugins compatible for Editor in 59.73 ms, found 4 plugins.
Preloading 0 native plugins for Editor in 0.00 ms.
Mono: successfully reloaded assembly
- Completed reload, in  0.459 seconds
Domain Reload Profiling:
	ReloadAssembly (460ms)
		BeginReloadAssembly (48ms)
			ExecutionOrderSort (0ms)
			DisableScriptedObjects (0ms)
			BackupInstance (0ms)
			ReleaseScriptingObjects (0ms)
			CreateAndSetChildDomain (0ms)
		EndReloadAssembly (335ms)
			LoadAssemblies (47ms)
			RebuildTransferFunctionScriptingTraits (0ms)
			SetupTypeCache (71ms)
			ReleaseScriptCaches (0ms)
			RebuildScriptCaches (19ms)
			SetupLoadedEditorAssemblies (208ms)
				LogAssemblyErrors (0ms)
				InitializePlatformSupportModulesInManaged (32ms)
				SetLoadedEditorAssemblies (0ms)
				RefreshPlugins (60ms)
				BeforeProcessingInitializeOnLoad (1ms)
				ProcessInitializeOnLoadAttributes (84ms)
				ProcessInitializeOnLoadMethodAttributes (31ms)
				AfterProcessingInitializeOnLoad (0ms)
				EditorAssembliesLoaded (0ms)
			ExecutionOrderSort2 (0ms)
			AwakeInstancesAfterBackupRestoration (0ms)
Platform modules already initialized, skipping
Registering precompiled user dll's ...
Registered in 0.002967 seconds.
Begin MonoManager ReloadAssembly
Symbol file LoadedFromMemory doesn't match image F:\PROJECTS\Metroidvania Station\Metroidvania Station\Library\PackageCache\com.unity.visualscripting@1.7.8\Editor\VisualScripting.Core\Dependencies\YamlDotNet\Unity.VisualScripting.YamlDotNet.dll
Symbol file LoadedFromMemory doesn't match image F:\PROJECTS\Metroidvania Station\Metroidvania Station\Library\PackageCache\com.unity.visualscripting@1.7.8\Editor\VisualScripting.Core\Dependencies\DotNetZip\Unity.VisualScripting.IonicZip.dll
Native extension for WindowsStandalone target not found
Native extension for Android target not found
Refreshing native plugins compatible for Editor in 68.38 ms, found 4 plugins.
Preloading 0 native plugins for Editor in 0.00 ms.
Mono: successfully reloaded assembly
- Completed reload, in  0.826 seconds
Domain Reload Profiling:
	ReloadAssembly (827ms)
		BeginReloadAssembly (79ms)
			ExecutionOrderSort (0ms)
			DisableScriptedObjects (4ms)
			BackupInstance (0ms)
			ReleaseScriptingObjects (0ms)
			CreateAndSetChildDomain (17ms)
		EndReloadAssembly (662ms)
			LoadAssemblies (58ms)
			RebuildTransferFunctionScriptingTraits (0ms)
			SetupTypeCache (162ms)
			ReleaseScriptCaches (0ms)
			RebuildScriptCaches (39ms)
			SetupLoadedEditorAssemblies (367ms)
				LogAssemblyErrors (0ms)
				InitializePlatformSupportModulesInManaged (10ms)
				SetLoadedEditorAssemblies (0ms)
				RefreshPlugins (68ms)
				BeforeProcessingInitializeOnLoad (79ms)
				ProcessInitializeOnLoadAttributes (173ms)
				ProcessInitializeOnLoadMethodAttributes (32ms)
				AfterProcessingInitializeOnLoad (5ms)
				EditorAssembliesLoaded (0ms)
			ExecutionOrderSort2 (0ms)
			AwakeInstancesAfterBackupRestoration (4ms)
Platform modules already initialized, skipping
========================================================================
Worker process is ready to serve import requests
Launched and connected shader compiler UnityShaderCompiler.exe after 0.03 seconds
Refreshing native plugins compatible for Editor in 0.52 ms, found 4 plugins.
Preloading 0 native plugins for Editor in 0.00 ms.
Unloading 4045 Unused Serialized files (Serialized files now loaded: 0)
Unloading 44 unused Assets / (229.5 KB). Loaded Objects now: 4498.
Memory consumption went from 150.8 MB to 150.5 MB.
Total: 2.402800 ms (FindLiveObjects: 0.194100 ms CreateObjectMapping: 0.093000 ms MarkObjects: 1.993900 ms  DeleteObjects: 0.121000 ms)

AssetImportParameters requested are different than current active one (requested -> active):
  custom:video-decoder-ogg-theora: a1e56fd34408186e4bbccfd4996cb3dc -> 
  custom:container-muxer-webm: aa71ff27fc2769a1b78a27578f13a17b -> 
  custom:container-demuxer-webm: 4f35f7cbe854078d1ac9338744f61a02 -> 
  custom:video-encoder-webm-vp8: eb34c28f22e8b96e1ab97ce403110664 -> 
  custom:audio-encoder-webm-vorbis: bf7c407c2cedff20999df2af8eb42d56 -> 
  custom:framework-win-MediaFoundation: 216162199b28c13a410421893ffa2e32 -> 
  custom:container-demuxer-ogg: 62fdf1f143b41e24485cea50d1cbac27 -> 
  custom:video-decoder-webm-vp8: 9c59270c3fd7afecdb556c50c9e8de78 -> 
  custom:audio-decoder-ogg-vorbis: bf7c407c2cedff20999df2af8eb42d56 -> 
========================================================================
Received Prepare
Registering precompiled user dll's ...
Registered in 0.002669 seconds.
Begin MonoManager ReloadAssembly
Symbol file LoadedFromMemory doesn't match image F:\PROJECTS\Metroidvania Station\Metroidvania Station\Library\PackageCache\com.unity.visualscripting@1.7.8\Editor\VisualScripting.Core\Dependencies\YamlDotNet\Unity.VisualScripting.YamlDotNet.dll
Symbol file LoadedFromMemory doesn't match image F:\PROJECTS\Metroidvania Station\Metroidvania Station\Library\PackageCache\com.unity.visualscripting@1.7.8\Editor\VisualScripting.Core\Dependencies\DotNetZip\Unity.VisualScripting.IonicZip.dll
Native extension for WindowsStandalone target not found
Native extension for Android target not found
Refreshing native plugins compatible for Editor in 0.55 ms, found 4 plugins.
Preloading 0 native plugins for Editor in 0.00 ms.
Mono: successfully reloaded assembly
- Completed reload, in  0.737 seconds
Domain Reload Profiling:
	ReloadAssembly (737ms)
		BeginReloadAssembly (91ms)
			ExecutionOrderSort (0ms)
			DisableScriptedObjects (5ms)
			BackupInstance (0ms)
			ReleaseScriptingObjects (0ms)
			CreateAndSetChildDomain (25ms)
		EndReloadAssembly (577ms)
			LoadAssemblies (58ms)
			RebuildTransferFunctionScriptingTraits (0ms)
			SetupTypeCache (167ms)
			ReleaseScriptCaches (1ms)
			RebuildScriptCaches (35ms)
			SetupLoadedEditorAssemblies (276ms)
				LogAssemblyErrors (0ms)
				InitializePlatformSupportModulesInManaged (18ms)
				SetLoadedEditorAssemblies (0ms)
				RefreshPlugins (1ms)
				BeforeProcessingInitializeOnLoad (53ms)
				ProcessInitializeOnLoadAttributes (168ms)
				ProcessInitializeOnLoadMethodAttributes (30ms)
				AfterProcessingInitializeOnLoad (6ms)
				EditorAssembliesLoaded (0ms)
			ExecutionOrderSort2 (0ms)
			AwakeInstancesAfterBackupRestoration (7ms)
Platform modules already initialized, skipping
Refreshing native plugins compatible for Editor in 1.65 ms, found 4 plugins.
Preloading 0 native plugins for Editor in 0.00 ms.
Unloading 4040 Unused Serialized files (Serialized files now loaded: 0)
Unloading 31 unused Assets / (196.0 KB). Loaded Objects now: 4501.
Memory consumption went from 150.7 MB to 150.5 MB.
Total: 2.373900 ms (FindLiveObjects: 0.185700 ms CreateObjectMapping: 0.094200 ms MarkObjects: 1.979000 ms  DeleteObjects: 0.114200 ms)

AssetImportParameters requested are different than current active one (requested -> active):
  custom:video-decoder-ogg-theora: a1e56fd34408186e4bbccfd4996cb3dc -> 
  custom:container-muxer-webm: aa71ff27fc2769a1b78a27578f13a17b -> 
  custom:container-demuxer-webm: 4f35f7cbe854078d1ac9338744f61a02 -> 
  custom:video-encoder-webm-vp8: eb34c28f22e8b96e1ab97ce403110664 -> 
  custom:audio-encoder-webm-vorbis: bf7c407c2cedff20999df2af8eb42d56 -> 
  custom:framework-win-MediaFoundation: 216162199b28c13a410421893ffa2e32 -> 
  custom:container-demuxer-ogg: 62fdf1f143b41e24485cea50d1cbac27 -> 
  custom:video-decoder-webm-vp8: 9c59270c3fd7afecdb556c50c9e8de78 -> 
  custom:audio-decoder-ogg-vorbis: bf7c407c2cedff20999df2af8eb42d56 -> 
========================================================================
Received Import Request.
  Time since last request: 95484.864988 seconds.
  path: Assets/Art/Gui
  artifactKey: Guid(23c3cfa11138ec344be561632d2225bd) Importer(815301076,1909f56bfc062723c751e8b465ee728b)
Start importing Assets/Art/Gui using Guid(23c3cfa11138ec344be561632d2225bd) Importer(815301076,1909f56bfc062723c751e8b465ee728b)  -> (artifact id: 'f7468b65dee23519428ee3384480c65d') in 0.011898 seconds 
========================================================================
Received Import Request.
  Time since last request: 53.310674 seconds.
  path: Assets/Src/Ctrl
  artifactKey: Guid(9da55b4ca10d48f48a62fbf4d68e8fdf) Importer(815301076,1909f56bfc062723c751e8b465ee728b)
Start importing Assets/Src/Ctrl using Guid(9da55b4ca10d48f48a62fbf4d68e8fdf) Importer(815301076,1909f56bfc062723c751e8b465ee728b)  -> (artifact id: 'aca7242b96bd4475ff0d2fdc512a4a6c') in 0.005458 seconds 
========================================================================
Received Import Request.
  Time since last request: 3.161153 seconds.
  path: Assets/Src
  artifactKey: Guid(79d6f513b56104a4b9846cf607a0dccd) Importer(815301076,1909f56bfc062723c751e8b465ee728b)
Start importing Assets/Src using Guid(79d6f513b56104a4b9846cf607a0dccd) Importer(815301076,1909f56bfc062723c751e8b465ee728b)  -> (artifact id: 'b0b74a2e1747b52913c5bdd653d5a332') in 0.006811 seconds 
========================================================================
Received Import Request.
  Time since last request: 13.550695 seconds.
  path: Assets/Src/Player
  artifactKey: Guid(eb70de152e3f2e442a52a21b954b41b0) Importer(815301076,1909f56bfc062723c751e8b465ee728b)
Start importing Assets/Src/Player using Guid(eb70de152e3f2e442a52a21b954b41b0) Importer(815301076,1909f56bfc062723c751e8b465ee728b)  -> (artifact id: '8826c1ee745c7a3e88ef808b1060dc93') in 0.003874 seconds 
========================================================================
Received Import Request.
  Time since last request: 4.342426 seconds.
  path: Assets/Src/Player/Enemy
  artifactKey: Guid(6630321daeb979343b0bdfe4e37babff) Importer(815301076,1909f56bfc062723c751e8b465ee728b)
Start importing Assets/Src/Player/Enemy using Guid(6630321daeb979343b0bdfe4e37babff) Importer(815301076,1909f56bfc062723c751e8b465ee728b)  -> (artifact id: '1e8c80140aedbf79e8d44fb2d72d8a60') in 0.004152 seconds 
========================================================================
Received Import Request.
  Time since last request: 8.409657 seconds.
  path: Assets/Src/Enemy
  artifactKey: Guid(4d824ff86a50fa04b9f84e97d40342e3) Importer(815301076,1909f56bfc062723c751e8b465ee728b)
Start importing Assets/Src/Enemy using Guid(4d824ff86a50fa04b9f84e97d40342e3) Importer(815301076,1909f56bfc062723c751e8b465ee728b)  -> (artifact id: 'c14bdccfcf811d5e5e05940031d3f9e2') in 0.001191 seconds 
========================================================================
Received Import Request.
  Time since last request: 8.887780 seconds.
  path: Assets/Src/Scenary
  artifactKey: Guid(1caeccc3f20cf0245b4dd2680a3d3783) Importer(815301076,1909f56bfc062723c751e8b465ee728b)
Start importing Assets/Src/Scenary using Guid(1caeccc3f20cf0245b4dd2680a3d3783) Importer(815301076,1909f56bfc062723c751e8b465ee728b)  -> (artifact id: 'c7d6edbb89edde405f2eb397442f14e0') in 0.003800 seconds 
========================================================================
Received Import Request.
  Time since last request: 17.773056 seconds.
  path: Assets/Prefab/platformalpha1.prefab
  artifactKey: Guid(e8a7633a2b3ce034386aa95165ba41f9) Importer(815301076,1909f56bfc062723c751e8b465ee728b)
Start importing Assets/Prefab/platformalpha1.prefab using Guid(e8a7633a2b3ce034386aa95165ba41f9) Importer(815301076,1909f56bfc062723c751e8b465ee728b)  -> (artifact id: 'ce59587a79afbbd9c1ab3a6f02bf7726') in 0.032000 seconds 
========================================================================
Received Import Request.
  Time since last request: 16.688008 seconds.
  path: Assets/Art/Player/player-jump/player-jump-1.png
  artifactKey: Guid(0e29aedd0b9e343acba7cdd247eb8207) Importer(815301076,1909f56bfc062723c751e8b465ee728b)
Start importing Assets/Art/Player/player-jump/player-jump-1.png using Guid(0e29aedd0b9e343acba7cdd247eb8207) Importer(815301076,1909f56bfc062723c751e8b465ee728b)  -> (artifact id: '8a1cd19bb0e23c640578bdf2c25bd5e0') in 0.065814 seconds 
========================================================================
Received Import Request.
  Time since last request: 0.853535 seconds.
  path: Assets/Art/Player/player-jump/player-jump-2.png
  artifactKey: Guid(47ab6493d16df4bf7a5f36e9e19523ab) Importer(815301076,1909f56bfc062723c751e8b465ee728b)
Start importing Assets/Art/Player/player-jump/player-jump-2.png using Guid(47ab6493d16df4bf7a5f36e9e19523ab) Importer(815301076,1909f56bfc062723c751e8b465ee728b)  -> (artifact id: '0c1f34f0313d36cb467f305ff7fba262') in 0.008541 seconds 
========================================================================
Received Import Request.
  Time since last request: 0.197588 seconds.
  path: Assets/Art/Player/player-jump/player-jump-3.png
  artifactKey: Guid(fe8c3f8f5e0214a78a5d98c45c8faa47) Importer(815301076,1909f56bfc062723c751e8b465ee728b)
Start importing Assets/Art/Player/player-jump/player-jump-3.png using Guid(fe8c3f8f5e0214a78a5d98c45c8faa47) Importer(815301076,1909f56bfc062723c751e8b465ee728b)  -> (artifact id: 'f7959c7511126281cd0d21ab08e769f5') in 0.012223 seconds 
========================================================================
Received Import Request.
  Time since last request: 0.167045 seconds.
  path: Assets/Art/Player/player-jump/player-jump-4.png
  artifactKey: Guid(ad83644368491474282314cfcffc471c) Importer(815301076,1909f56bfc062723c751e8b465ee728b)
Start importing Assets/Art/Player/player-jump/player-jump-4.png using Guid(ad83644368491474282314cfcffc471c) Importer(815301076,1909f56bfc062723c751e8b465ee728b)  -> (artifact id: '31ad4147ddb43879e500d379a245f115') in 0.007521 seconds 
========================================================================
Received Import Request.
  Time since last request: 0.147025 seconds.
  path: Assets/Art/Player/player-jump/player-jump-5.png
  artifactKey: Guid(7346cc2d80f75454fa091610ef441ea1) Importer(815301076,1909f56bfc062723c751e8b465ee728b)
Start importing Assets/Art/Player/player-jump/player-jump-5.png using Guid(7346cc2d80f75454fa091610ef441ea1) Importer(815301076,1909f56bfc062723c751e8b465ee728b)  -> (artifact id: '8cb6565ae2722d1c18dded13d4aae28b') in 0.007226 seconds 
========================================================================
Received Import Request.
  Time since last request: 0.149644 seconds.
  path: Assets/Art/Player/player-jump/player-jump-6.png
  artifactKey: Guid(2000cc4268e4740f7a38a8299b354d71) Importer(815301076,1909f56bfc062723c751e8b465ee728b)
Start importing Assets/Art/Player/player-jump/player-jump-6.png using Guid(2000cc4268e4740f7a38a8299b354d71) Importer(815301076,1909f56bfc062723c751e8b465ee728b)  -> (artifact id: '9650dc5208663f1b32cd3f7fa3be06ad') in 0.007679 seconds 
========================================================================
Received Import Request.
  Time since last request: 4.503997 seconds.
  path: Assets/Art/Player/player-run/player-run-1.png
  artifactKey: Guid(2109e8f1bd0074351809bf182a9be8c7) Importer(815301076,1909f56bfc062723c751e8b465ee728b)
Start importing Assets/Art/Player/player-run/player-run-1.png using Guid(2109e8f1bd0074351809bf182a9be8c7) Importer(815301076,1909f56bfc062723c751e8b465ee728b)  -> (artifact id: '8bd62c8ef76aca4559ad625149c2310f') in 0.007802 seconds 
========================================================================
Received Import Request.
  Time since last request: 0.718785 seconds.
  path: Assets/Art/Player/player-run/player-run-2.png
  artifactKey: Guid(2a09cf6a9896e4baeaf75ea1dd1bb1cd) Importer(815301076,1909f56bfc062723c751e8b465ee728b)
Start importing Assets/Art/Player/player-run/player-run-2.png using Guid(2a09cf6a9896e4baeaf75ea1dd1bb1cd) Importer(815301076,1909f56bfc062723c751e8b465ee728b)  -> (artifact id: 'c5ac3db248402ec09fcc60475ebad4b0') in 0.007217 seconds 
========================================================================
Received Import Request.
  Time since last request: 0.118227 seconds.
  path: Assets/Art/Player/player-run/player-run-3.png
  artifactKey: Guid(211fe8f200fef4b36b0fa35d0cc92fcb) Importer(815301076,1909f56bfc062723c751e8b465ee728b)
Start importing Assets/Art/Player/player-run/player-run-3.png using Guid(211fe8f200fef4b36b0fa35d0cc92fcb) Importer(815301076,1909f56bfc062723c751e8b465ee728b)  -> (artifact id: 'd462130a43abee6662167ed1ba711cf9') in 0.007698 seconds 
========================================================================
Received Import Request.
  Time since last request: 0.151414 seconds.
  path: Assets/Art/Player/player-run/player-run-4.png
  artifactKey: Guid(f0dbd4412a30d4b4f9600c7eceac4b00) Importer(815301076,1909f56bfc062723c751e8b465ee728b)
Start importing Assets/Art/Player/player-run/player-run-4.png using Guid(f0dbd4412a30d4b4f9600c7eceac4b00) Importer(815301076,1909f56bfc062723c751e8b465ee728b)  -> (artifact id: '9f70f7c4f5e683450f12c02df3686cde') in 0.007386 seconds 
========================================================================
Received Import Request.
  Time since last request: 0.126533 seconds.
  path: Assets/Art/Player/player-run/player-run-5.png
  artifactKey: Guid(2f270f338bc0a47ccba57837832c2e21) Importer(815301076,1909f56bfc062723c751e8b465ee728b)
Start importing Assets/Art/Player/player-run/player-run-5.png using Guid(2f270f338bc0a47ccba57837832c2e21) Importer(815301076,1909f56bfc062723c751e8b465ee728b)  -> (artifact id: '0ab357e14c4c470e660702e6c4a0e078') in 0.007155 seconds 
========================================================================
Received Import Request.
  Time since last request: 0.129137 seconds.
  path: Assets/Art/Player/player-run/player-run-6.png
  artifactKey: Guid(3d8a9c6df455a44fdbf025c92771f772) Importer(815301076,1909f56bfc062723c751e8b465ee728b)
Start importing Assets/Art/Player/player-run/player-run-6.png using Guid(3d8a9c6df455a44fdbf025c92771f772) Importer(815301076,1909f56bfc062723c751e8b465ee728b)  -> (artifact id: '8c597c1903ffe29df7f083d75c230723') in 0.007276 seconds 
========================================================================
Received Import Request.
  Time since last request: 0.125001 seconds.
  path: Assets/Art/Player/player-run/player-run-7.png
  artifactKey: Guid(9c843823fb6a54ceb9ebf200520c2f72) Importer(815301076,1909f56bfc062723c751e8b465ee728b)
Start importing Assets/Art/Player/player-run/player-run-7.png using Guid(9c843823fb6a54ceb9ebf200520c2f72) Importer(815301076,1909f56bfc062723c751e8b465ee728b)  -> (artifact id: '6c4f177e0f29b1fa1347af10e8336737') in 0.007119 seconds 
========================================================================
Received Import Request.
  Time since last request: 0.128384 seconds.
  path: Assets/Art/Player/player-run/player-run-8.png
  artifactKey: Guid(859d202d134124591a5842707b580b94) Importer(815301076,1909f56bfc062723c751e8b465ee728b)
Start importing Assets/Art/Player/player-run/player-run-8.png using Guid(859d202d134124591a5842707b580b94) Importer(815301076,1909f56bfc062723c751e8b465ee728b)  -> (artifact id: '55034cddba179a7dd21e5129f38d2755') in 0.007092 seconds 
========================================================================
Received Import Request.
  Time since last request: 0.150643 seconds.
  path: Assets/Art/Player/player-run/player-run-9.png
  artifactKey: Guid(06b3f0daa00894c0f8ac73dc16fff014) Importer(815301076,1909f56bfc062723c751e8b465ee728b)
Start importing Assets/Art/Player/player-run/player-run-9.png using Guid(06b3f0daa00894c0f8ac73dc16fff014) Importer(815301076,1909f56bfc062723c751e8b465ee728b)  -> (artifact id: '3b68d8bbfd154aa291f72bdf82204d2c') in 0.007877 seconds 
========================================================================
Received Import Request.
  Time since last request: 0.124935 seconds.
  path: Assets/Art/Player/player-run/player-run-10.png
  artifactKey: Guid(fec626f322ed4400b9f33172d1ff4dbe) Importer(815301076,1909f56bfc062723c751e8b465ee728b)
Start importing Assets/Art/Player/player-run/player-run-10.png using Guid(fec626f322ed4400b9f33172d1ff4dbe) Importer(815301076,1909f56bfc062723c751e8b465ee728b)  -> (artifact id: '6ad3b79a83f9bdaf86aa4ff693baffea') in 0.008737 seconds 
========================================================================
Received Import Request.
  Time since last request: 3.484466 seconds.
  path: Assets/Art/Player/player-run-shot/player-run-shot-1.png
  artifactKey: Guid(d58fce37e5779432a92326f97452781b) Importer(815301076,1909f56bfc062723c751e8b465ee728b)
Start importing Assets/Art/Player/player-run-shot/player-run-shot-1.png using Guid(d58fce37e5779432a92326f97452781b) Importer(815301076,1909f56bfc062723c751e8b465ee728b)  -> (artifact id: 'da0b7a2012321083e6882605c74a8249') in 0.009858 seconds 
========================================================================
Received Import Request.
  Time since last request: 3.873760 seconds.
  path: Assets/Art/Player/player-cling/player-cling.png
  artifactKey: Guid(01c74af445a534c5b8bf530fc3d0de1b) Importer(815301076,1909f56bfc062723c751e8b465ee728b)
Start importing Assets/Art/Player/player-cling/player-cling.png using Guid(01c74af445a534c5b8bf530fc3d0de1b) Importer(815301076,1909f56bfc062723c751e8b465ee728b)  -> (artifact id: '37a32e87a0f32689eb82d55ada3273de') in 0.008471 seconds 
========================================================================
Received Import Request.
  Time since last request: 3.727457 seconds.
  path: Assets/Art/Player/player-stand/player-stand-1.png
  artifactKey: Guid(2a5c2f3ca4ae14e7e91149316db1e054) Importer(815301076,1909f56bfc062723c751e8b465ee728b)
Start importing Assets/Art/Player/player-stand/player-stand-1.png using Guid(2a5c2f3ca4ae14e7e91149316db1e054) Importer(815301076,1909f56bfc062723c751e8b465ee728b)  -> (artifact id: '516ccb603ce82087243a7f9aa0496b66') in 0.007313 seconds 
========================================================================
Received Import Request.
  Time since last request: 1.434735 seconds.
  path: Assets/Art/Player/player-stand/player-stand-2.png
  artifactKey: Guid(426b706446ade402eaf3f3d592a2a97d) Importer(815301076,1909f56bfc062723c751e8b465ee728b)
Start importing Assets/Art/Player/player-stand/player-stand-2.png using Guid(426b706446ade402eaf3f3d592a2a97d) Importer(815301076,1909f56bfc062723c751e8b465ee728b)  -> (artifact id: '25f039335de93a485791e8eba5319f2e') in 0.007461 seconds 
========================================================================
Received Import Request.
  Time since last request: 0.146500 seconds.
  path: Assets/Art/Player/player-stand/player-stand-3.png
  artifactKey: Guid(4149834ededb3446eab6190dd4e0ff6b) Importer(815301076,1909f56bfc062723c751e8b465ee728b)
Start importing Assets/Art/Player/player-stand/player-stand-3.png using Guid(4149834ededb3446eab6190dd4e0ff6b) Importer(815301076,1909f56bfc062723c751e8b465ee728b)  -> (artifact id: '7defbda64b7416dbe6c29a76bbb5f527') in 0.008140 seconds 
========================================================================
Received Import Request.
  Time since last request: 11.218499 seconds.
  path: Assets/Art/Player/player-shoot-up/player-shoot-up.png
  artifactKey: Guid(b6c2d3a1d0b194296ac57df14d20e8ad) Importer(815301076,1909f56bfc062723c751e8b465ee728b)
Start importing Assets/Art/Player/player-shoot-up/player-shoot-up.png using Guid(b6c2d3a1d0b194296ac57df14d20e8ad) Importer(815301076,1909f56bfc062723c751e8b465ee728b)  -> (artifact id: '7817999ada82d8de8e45a2f58eee5e06') in 0.007668 seconds 
========================================================================
Received Import Request.
  Time since last request: 5.536134 seconds.
  path: Assets/Art/Player/player-idle/player-idle-1.png
  artifactKey: Guid(c2c08c932c2054a0da13bc4dd9db298d) Importer(815301076,1909f56bfc062723c751e8b465ee728b)
Start importing Assets/Art/Player/player-idle/player-idle-1.png using Guid(c2c08c932c2054a0da13bc4dd9db298d) Importer(815301076,1909f56bfc062723c751e8b465ee728b)  -> (artifact id: 'd1cbeaad53e5b09a9fc935eba4f6d671') in 0.008640 seconds 
========================================================================
Received Import Request.
  Time since last request: 0.890781 seconds.
  path: Assets/Art/Player/player-idle/player-idle-2.png
  artifactKey: Guid(9acc6d9857bd54a4aa5d0b2d7967fb9d) Importer(815301076,1909f56bfc062723c751e8b465ee728b)
Start importing Assets/Art/Player/player-idle/player-idle-2.png using Guid(9acc6d9857bd54a4aa5d0b2d7967fb9d) Importer(815301076,1909f56bfc062723c751e8b465ee728b)  -> (artifact id: '4052b969501b3fe003dd80875bd8c8ee') in 0.007878 seconds 
========================================================================
Received Import Request.
  Time since last request: 0.171448 seconds.
  path: Assets/Art/Player/player-idle/player-idle-3.png
  artifactKey: Guid(88936927cde504f29a30a3104502824a) Importer(815301076,1909f56bfc062723c751e8b465ee728b)
Start importing Assets/Art/Player/player-idle/player-idle-3.png using Guid(88936927cde504f29a30a3104502824a) Importer(815301076,1909f56bfc062723c751e8b465ee728b)  -> (artifact id: 'fc01be887120e48123739e397de2c47f') in 0.009853 seconds 
========================================================================
Received Import Request.
  Time since last request: 0.142054 seconds.
  path: Assets/Art/Player/player-idle/player-idle-4.png
  artifactKey: Guid(8c2d576730d854e2c88dc5fb039176b2) Importer(815301076,1909f56bfc062723c751e8b465ee728b)
Start importing Assets/Art/Player/player-idle/player-idle-4.png using Guid(8c2d576730d854e2c88dc5fb039176b2) Importer(815301076,1909f56bfc062723c751e8b465ee728b)  -> (artifact id: 'b18cbe203f5a76c91d18b3aecdaa6811') in 0.007637 seconds 
========================================================================
Received Import Request.
  Time since last request: 58.343184 seconds.
  path: Assets/Art/Scenary
  artifactKey: Guid(e26244fa9f5d59a4d983b9298f4250fc) Importer(815301076,1909f56bfc062723c751e8b465ee728b)
Start importing Assets/Art/Scenary using Guid(e26244fa9f5d59a4d983b9298f4250fc) Importer(815301076,1909f56bfc062723c751e8b465ee728b)  -> (artifact id: '79c2672e0f9c729389e7814be4f508be') in 0.001534 seconds 
========================================================================
Received Import Request.
  Time since last request: 22.862228 seconds.
  path: ProjectSettings/TagManager.asset
  artifactKey: Guid(00000000000000003000000000000000) Importer(815301076,1909f56bfc062723c751e8b465ee728b)
Start importing ProjectSettings/TagManager.asset using Guid(00000000000000003000000000000000) Importer(815301076,1909f56bfc062723c751e8b465ee728b)  -> (artifact id: '5f74b9f0782f3ffe8a654b2b60a9f33c') in 0.005773 seconds 
========================================================================
Received Import Request.
  Time since last request: 62.514409 seconds.
  path: Assets/Art/Scenary/middleground-no-fungus.png
  artifactKey: Guid(b66d951e7d54f45e88bab99f63c58a70) Importer(815301076,1909f56bfc062723c751e8b465ee728b)
Start importing Assets/Art/Scenary/middleground-no-fungus.png using Guid(b66d951e7d54f45e88bab99f63c58a70) Importer(815301076,1909f56bfc062723c751e8b465ee728b)  -> (artifact id: 'aa3caa9dd5c50114a62b3337e97355b3') in 0.012682 seconds 
========================================================================
Received Import Request.
  Time since last request: 0.668874 seconds.
  path: Assets/Art/Scenary/middleground.png
  artifactKey: Guid(a5bed8c8e77ee4c34990d94b94cb2afe) Importer(815301076,1909f56bfc062723c751e8b465ee728b)
Start importing Assets/Art/Scenary/middleground.png using Guid(a5bed8c8e77ee4c34990d94b94cb2afe) Importer(815301076,1909f56bfc062723c751e8b465ee728b)  -> (artifact id: '8bbfc09dc8f577d8fef5ed5dc9e8eb17') in 0.010266 seconds 
========================================================================
Received Import Request.
  Time since last request: 2.013976 seconds.
  path: Assets/Art/Scenary/tileset-sliced.png
  artifactKey: Guid(1a08f9bec49c04809b03ba62a218b140) Importer(815301076,1909f56bfc062723c751e8b465ee728b)
Start importing Assets/Art/Scenary/tileset-sliced.png using Guid(1a08f9bec49c04809b03ba62a218b140) Importer(815301076,1909f56bfc062723c751e8b465ee728b)  -> (artifact id: '51789beb8b7dd7b86ff09dfdb05b4c94') in 0.072953 seconds 
========================================================================
Received Import Request.
  Time since last request: 0.363708 seconds.
  path: Assets/Art/Scenary/walls-tileset-sliced.png
  artifactKey: Guid(e8eeee797a1eb41268234a175d2079ac) Importer(815301076,1909f56bfc062723c751e8b465ee728b)
Start importing Assets/Art/Scenary/walls-tileset-sliced.png using Guid(e8eeee797a1eb41268234a175d2079ac) Importer(815301076,1909f56bfc062723c751e8b465ee728b)  -> (artifact id: 'f8a55265b45bcb95b4e779ee5d66fcae') in 0.024323 seconds 
========================================================================
Received Import Request.
  Time since last request: 93.795060 seconds.
  path: Assets/Art/Scenary/background.png
  artifactKey: Guid(20d00314efef34b5f8d3b0d3f4353b19) Importer(815301076,1909f56bfc062723c751e8b465ee728b)
Start importing Assets/Art/Scenary/background.png using Guid(20d00314efef34b5f8d3b0d3f4353b19) Importer(815301076,1909f56bfc062723c751e8b465ee728b)  -> (artifact id: '619896729404cf4fd2769650425879d8') in 0.010348 seconds 
========================================================================
Received Import Request.
  Time since last request: 0.021237 seconds.
  path: Assets/Art/Scenary/Props
  artifactKey: Guid(7de8fc293f7c142c7b8e949f64477133) Importer(815301076,1909f56bfc062723c751e8b465ee728b)
Start importing Assets/Art/Scenary/Props using Guid(7de8fc293f7c142c7b8e949f64477133) Importer(815301076,1909f56bfc062723c751e8b465ee728b)  -> (artifact id: '0f4bfc82153b0e1a5906531c1110e207') in 0.003864 seconds 
========================================================================
Received Import Request.
  Time since last request: 82.399566 seconds.
  path: Assets/Art/Scenary/walls-tileset.png
  artifactKey: Guid(7becc0b79e39340f2b9e112d4636484b) Importer(815301076,1909f56bfc062723c751e8b465ee728b)
Start importing Assets/Art/Scenary/walls-tileset.png using Guid(7becc0b79e39340f2b9e112d4636484b) Importer(815301076,1909f56bfc062723c751e8b465ee728b)  -> (artifact id: '268b0a0021131141483cdb2921fc0c9a') in 0.010033 seconds 
========================================================================
Received Import Request.
  Time since last request: 3.632987 seconds.
  path: Assets/Art/Scenary/tilesets.png
  artifactKey: Guid(9b4bd070b482c4b31ab0a28c698baa9f) Importer(815301076,1909f56bfc062723c751e8b465ee728b)
Start importing Assets/Art/Scenary/tilesets.png using Guid(9b4bd070b482c4b31ab0a28c698baa9f) Importer(815301076,1909f56bfc062723c751e8b465ee728b)  -> (artifact id: 'dcdcba14b13b27cab948a26b14c8cdd2') in 0.014781 seconds 
========================================================================
Received Import Request.
  Time since last request: 12.904850 seconds.
  path: Assets/Art/Scenary/walls-tileset.png
  artifactKey: Guid(7becc0b79e39340f2b9e112d4636484b) Importer(815301076,1909f56bfc062723c751e8b465ee728b)
Start importing Assets/Art/Scenary/walls-tileset.png using Guid(7becc0b79e39340f2b9e112d4636484b) Importer(815301076,1909f56bfc062723c751e8b465ee728b)  -> (artifact id: 'ddf008b954ce49e7cd1ff03ce0455b2b') in 0.009973 seconds 
========================================================================
Received Import Request.
  Time since last request: 3.041827 seconds.
  path: Assets/Art/Scenary/tilesets.png
  artifactKey: Guid(9b4bd070b482c4b31ab0a28c698baa9f) Importer(815301076,1909f56bfc062723c751e8b465ee728b)
Start importing Assets/Art/Scenary/tilesets.png using Guid(9b4bd070b482c4b31ab0a28c698baa9f) Importer(815301076,1909f56bfc062723c751e8b465ee728b)  -> (artifact id: '67b7a2a96c01237e784aa233198eb733') in 0.006622 seconds 
========================================================================
Received Import Request.
  Time since last request: 91.465794 seconds.
  path: Assets/Art/Scenary/tilesets.png
  artifactKey: Guid(9b4bd070b482c4b31ab0a28c698baa9f) Importer(815301076,1909f56bfc062723c751e8b465ee728b)
Start importing Assets/Art/Scenary/tilesets.png using Guid(9b4bd070b482c4b31ab0a28c698baa9f) Importer(815301076,1909f56bfc062723c751e8b465ee728b)  -> (artifact id: '691be0980db3e1cb27d18afc7ca63363') in 0.042078 seconds 
========================================================================
Received Import Request.
  Time since last request: 43.368246 seconds.
  path: Assets/Art/Scenary/walls-tileset.png
  artifactKey: Guid(7becc0b79e39340f2b9e112d4636484b) Importer(815301076,1909f56bfc062723c751e8b465ee728b)
Start importing Assets/Art/Scenary/walls-tileset.png using Guid(7becc0b79e39340f2b9e112d4636484b) Importer(815301076,1909f56bfc062723c751e8b465ee728b)  -> (artifact id: '866ab19c8168f3569a173d418c9636eb') in 0.013467 seconds 
========================================================================
Received Prepare
Registering precompiled user dll's ...
Registered in 0.002788 seconds.
Begin MonoManager ReloadAssembly
Symbol file LoadedFromMemory doesn't match image F:\PROJECTS\Metroidvania Station\Metroidvania Station\Library\PackageCache\com.unity.visualscripting@1.7.8\Editor\VisualScripting.Core\Dependencies\YamlDotNet\Unity.VisualScripting.YamlDotNet.dll
Symbol file LoadedFromMemory doesn't match image F:\PROJECTS\Metroidvania Station\Metroidvania Station\Library\PackageCache\com.unity.visualscripting@1.7.8\Editor\VisualScripting.Core\Dependencies\DotNetZip\Unity.VisualScripting.IonicZip.dll
Native extension for WindowsStandalone target not found
Native extension for Android target not found
Refreshing native plugins compatible for Editor in 0.57 ms, found 4 plugins.
Preloading 0 native plugins for Editor in 0.00 ms.
Mono: successfully reloaded assembly
- Completed reload, in  0.744 seconds
Domain Reload Profiling:
	ReloadAssembly (745ms)
		BeginReloadAssembly (96ms)
			ExecutionOrderSort (0ms)
			DisableScriptedObjects (5ms)
			BackupInstance (0ms)
			ReleaseScriptingObjects (0ms)
			CreateAndSetChildDomain (29ms)
		EndReloadAssembly (582ms)
			LoadAssemblies (55ms)
			RebuildTransferFunctionScriptingTraits (0ms)
			SetupTypeCache (181ms)
			ReleaseScriptCaches (1ms)
			RebuildScriptCaches (30ms)
			SetupLoadedEditorAssemblies (279ms)
				LogAssemblyErrors (0ms)
				InitializePlatformSupportModulesInManaged (16ms)
				SetLoadedEditorAssemblies (0ms)
				RefreshPlugins (1ms)
				BeforeProcessingInitializeOnLoad (61ms)
				ProcessInitializeOnLoadAttributes (167ms)
				ProcessInitializeOnLoadMethodAttributes (28ms)
				AfterProcessingInitializeOnLoad (5ms)
				EditorAssembliesLoaded (0ms)
			ExecutionOrderSort2 (0ms)
			AwakeInstancesAfterBackupRestoration (6ms)
Platform modules already initialized, skipping
Refreshing native plugins compatible for Editor in 1.67 ms, found 4 plugins.
Preloading 0 native plugins for Editor in 0.00 ms.
Unloading 4040 Unused Serialized files (Serialized files now loaded: 0)
Unloading 32 unused Assets / (195.7 KB). Loaded Objects now: 4556.
Memory consumption went from 155.3 MB to 155.1 MB.
Total: 2.570300 ms (FindLiveObjects: 0.190700 ms CreateObjectMapping: 0.099100 ms MarkObjects: 2.161300 ms  DeleteObjects: 0.117900 ms)

AssetImportParameters requested are different than current active one (requested -> active):
  custom:video-decoder-ogg-theora: a1e56fd34408186e4bbccfd4996cb3dc -> 
  custom:container-muxer-webm: aa71ff27fc2769a1b78a27578f13a17b -> 
  custom:container-demuxer-webm: 4f35f7cbe854078d1ac9338744f61a02 -> 
  custom:video-encoder-webm-vp8: eb34c28f22e8b96e1ab97ce403110664 -> 
  custom:audio-encoder-webm-vorbis: bf7c407c2cedff20999df2af8eb42d56 -> 
  custom:framework-win-MediaFoundation: 216162199b28c13a410421893ffa2e32 -> 
  custom:container-demuxer-ogg: 62fdf1f143b41e24485cea50d1cbac27 -> 
  custom:video-decoder-webm-vp8: 9c59270c3fd7afecdb556c50c9e8de78 -> 
  custom:audio-decoder-ogg-vorbis: bf7c407c2cedff20999df2af8eb42d56 -> 
========================================================================
Received Import Request.
  Time since last request: 695.657745 seconds.
  path: Assets/Art/Player/player-run-shot/player-run-shot-3.png
  artifactKey: Guid(6c2828ee666b8459a965b5fa132aa927) Importer(815301076,1909f56bfc062723c751e8b465ee728b)
Start importing Assets/Art/Player/player-run-shot/player-run-shot-3.png using Guid(6c2828ee666b8459a965b5fa132aa927) Importer(815301076,1909f56bfc062723c751e8b465ee728b)  -> (artifact id: '7eff8e72f9e9cafddc4e73431e05462b') in 0.050322 seconds 
========================================================================
Received Import Request.
  Time since last request: 24.732309 seconds.
  path: Assets/Art/Player/player-hurt/player-hurt-1.png
  artifactKey: Guid(41ea03351725e4179bd9c76ebf4488cd) Importer(815301076,1909f56bfc062723c751e8b465ee728b)
Start importing Assets/Art/Player/player-hurt/player-hurt-1.png using Guid(41ea03351725e4179bd9c76ebf4488cd) Importer(815301076,1909f56bfc062723c751e8b465ee728b)  -> (artifact id: 'e3ecec18f3e544a2ecfcc637f2b1dd44') in 0.007563 seconds 
========================================================================
Received Import Request.
  Time since last request: 7.382917 seconds.
  path: Assets/Art/Player/player-hurt/player-hurt-2.png
  artifactKey: Guid(6a71dc55259554788a1ad1dc00311665) Importer(815301076,1909f56bfc062723c751e8b465ee728b)
Start importing Assets/Art/Player/player-hurt/player-hurt-2.png using Guid(6a71dc55259554788a1ad1dc00311665) Importer(815301076,1909f56bfc062723c751e8b465ee728b)  -> (artifact id: '0f973931cf431352bc45b826f384e855') in 0.008290 seconds 
========================================================================
Received Import Request.
  Time since last request: 82.082202 seconds.
  path: Assets/Art/Player/player-duck/player-duck.png
  artifactKey: Guid(037f4355400544ba2b7a278f7017ca2f) Importer(815301076,1909f56bfc062723c751e8b465ee728b)
Start importing Assets/Art/Player/player-duck/player-duck.png using Guid(037f4355400544ba2b7a278f7017ca2f) Importer(815301076,1909f56bfc062723c751e8b465ee728b)  -> (artifact id: 'ef8ec5fcd276bf680a2d5ced8e30f9cd') in 0.009207 seconds 
========================================================================
Received Import Request.
  Time since last request: 89.659564 seconds.
  path: Assets/Anim/Player/Player.controller
  artifactKey: Guid(e6de71d646ead344cb48f8806ad51198) Importer(815301076,1909f56bfc062723c751e8b465ee728b)
Start importing Assets/Anim/Player/Player.controller using Guid(e6de71d646ead344cb48f8806ad51198) Importer(815301076,1909f56bfc062723c751e8b465ee728b)  -> (artifact id: '470788a5cf3085838ba87ea67ee6bce1') in 0.006451 seconds 
========================================================================
Received Prepare
Registering precompiled user dll's ...
Registered in 0.002882 seconds.
